2022.09.18 09:30:39 INFO  ce[][o.s.p.ProcessEntryPoint] Starting Compute Engine
2022.09.18 09:30:39 INFO  ce[][o.s.ce.app.CeServer] Compute Engine starting up...
2022.09.18 09:30:39 INFO  ce[][o.sonar.db.Database] Create JDBC data source for jdbc:h2:tcp://127.0.0.1:9092/sonar;NON_KEYWORDS=VALUE
2022.09.18 09:30:40 WARN  ce[][o.s.db.dialect.H2] H2 database should be used for evaluation purpose only.
2022.09.18 09:30:41 INFO  ce[][o.s.s.p.ServerFileSystemImpl] SonarQube home: D:\CARITO ---Trabajos\6 Gestión de calidad de Sistemas\sonarqube-9.4.0.54424
2022.09.18 09:30:42 INFO  ce[][o.s.c.c.CePluginRepository] Load plugins
2022.09.18 09:30:43 INFO  ce[][o.s.c.c.ComputeEngineContainerImpl] Running Community edition
2022.09.18 09:30:43 INFO  ce[][o.s.ce.app.CeServer] Compute Engine is started
2022.09.18 09:44:03 INFO  ce[][o.s.c.t.CeWorkerImpl] Execute task | project=nasa-code | type=REPORT | id=AYNQ11k-b0AlKJMBMeuy | submitter=admin
2022.09.18 09:44:11 INFO  ce[AYNQ11k-b0AlKJMBMeuy][o.s.c.t.s.ComputationStepExecutor] Extract report | status=SUCCESS | time=5903ms
2022.09.18 09:44:11 INFO  ce[AYNQ11k-b0AlKJMBMeuy][o.s.c.t.s.ComputationStepExecutor] Persist scanner context | status=SUCCESS | time=54ms
2022.09.18 09:44:12 INFO  ce[AYNQ11k-b0AlKJMBMeuy][o.s.c.t.s.ComputationStepExecutor] Propagate analysis warnings from scanner report | status=SUCCESS | time=1076ms
2022.09.18 09:44:12 INFO  ce[AYNQ11k-b0AlKJMBMeuy][o.s.c.t.s.ComputationStepExecutor] Generate analysis UUID | status=SUCCESS | time=1ms
2022.09.18 09:44:12 INFO  ce[AYNQ11k-b0AlKJMBMeuy][o.s.c.t.s.ComputationStepExecutor] Load analysis metadata | status=SUCCESS | time=239ms
2022.09.18 09:44:12 INFO  ce[AYNQ11k-b0AlKJMBMeuy][o.s.c.t.s.ComputationStepExecutor] Initialize | status=SUCCESS | time=0ms
2022.09.18 09:44:13 INFO  ce[AYNQ11k-b0AlKJMBMeuy][o.s.c.t.s.ComputationStepExecutor] Build tree of components | components=1129 | status=SUCCESS | time=477ms
2022.09.18 09:44:13 INFO  ce[AYNQ11k-b0AlKJMBMeuy][o.s.c.t.s.ComputationStepExecutor] Validate project | status=SUCCESS | time=6ms
2022.09.18 09:44:13 INFO  ce[AYNQ11k-b0AlKJMBMeuy][o.s.s.e.EsClientProvider] Connected to local Elasticsearch: [http://127.0.0.1:9001]
2022.09.18 09:44:31 INFO  ce[AYNQ11k-b0AlKJMBMeuy][o.s.c.t.s.ComputationStepExecutor] Load quality profiles | status=SUCCESS | time=16308ms
2022.09.18 09:44:31 INFO  ce[AYNQ11k-b0AlKJMBMeuy][o.s.c.t.s.ComputationStepExecutor] Load Quality gate | status=SUCCESS | time=55ms
2022.09.18 09:44:31 INFO  ce[AYNQ11k-b0AlKJMBMeuy][o.s.c.t.s.ComputationStepExecutor] Load new code period | status=SUCCESS | time=6ms
2022.09.18 09:44:31 INFO  ce[AYNQ11k-b0AlKJMBMeuy][o.s.c.t.s.ComputationStepExecutor] Detect file moves | status=SUCCESS | time=0ms
2022.09.18 09:44:31 INFO  ce[AYNQ11k-b0AlKJMBMeuy][o.s.c.t.s.ComputationStepExecutor] Load duplications | duplications=169 | status=SUCCESS | time=206ms
2022.09.18 09:44:31 INFO  ce[AYNQ11k-b0AlKJMBMeuy][o.s.c.t.s.ComputationStepExecutor] Compute cross project duplications | status=SUCCESS | time=0ms
2022.09.18 09:44:32 INFO  ce[AYNQ11k-b0AlKJMBMeuy][o.s.c.t.s.ComputationStepExecutor] Compute size measures | status=SUCCESS | time=718ms
2022.09.18 09:44:32 INFO  ce[AYNQ11k-b0AlKJMBMeuy][o.s.c.t.s.ComputationStepExecutor] Compute new coverage | status=SUCCESS | time=124ms
2022.09.18 09:44:33 INFO  ce[AYNQ11k-b0AlKJMBMeuy][o.s.c.t.s.ComputationStepExecutor] Compute coverage measures | status=SUCCESS | time=411ms
2022.09.18 09:44:33 INFO  ce[AYNQ11k-b0AlKJMBMeuy][o.s.c.t.s.ComputationStepExecutor] Compute comment measures | status=SUCCESS | time=33ms
2022.09.18 09:44:33 INFO  ce[AYNQ11k-b0AlKJMBMeuy][o.s.c.t.s.ComputationStepExecutor] Compute duplication measures | status=SUCCESS | time=37ms
2022.09.18 09:44:33 INFO  ce[AYNQ11k-b0AlKJMBMeuy][o.s.c.t.s.ComputationStepExecutor] Compute size measures on new code | status=SUCCESS | time=15ms
2022.09.18 09:44:33 INFO  ce[AYNQ11k-b0AlKJMBMeuy][o.s.c.t.s.ComputationStepExecutor] Compute language distribution | status=SUCCESS | time=210ms
2022.09.18 09:44:33 INFO  ce[AYNQ11k-b0AlKJMBMeuy][o.s.c.t.s.ComputationStepExecutor] Compute test measures | status=SUCCESS | time=10ms
2022.09.18 09:44:33 INFO  ce[AYNQ11k-b0AlKJMBMeuy][o.s.c.t.s.ComputationStepExecutor] Compute complexity measures | status=SUCCESS | time=24ms
2022.09.18 09:44:33 INFO  ce[AYNQ11k-b0AlKJMBMeuy][o.s.c.t.s.ComputationStepExecutor] Load measure computers | status=SUCCESS | time=4ms
2022.09.18 09:44:33 INFO  ce[AYNQ11k-b0AlKJMBMeuy][o.s.c.t.s.ComputationStepExecutor] Compute Quality Profile status | status=SUCCESS | time=4ms
2022.09.18 09:44:49 INFO  ce[AYNQ11k-b0AlKJMBMeuy][o.s.c.t.s.ComputationStepExecutor] Execute component visitors | status=SUCCESS | time=15250ms
2022.09.18 09:44:49 INFO  ce[AYNQ11k-b0AlKJMBMeuy][o.s.c.t.s.ComputationStepExecutor] Checks executed after computation of measures | status=SUCCESS | time=1ms
2022.09.18 09:44:49 INFO  ce[AYNQ11k-b0AlKJMBMeuy][o.s.c.t.s.ComputationStepExecutor] Compute Quality Gate measures | status=SUCCESS | time=34ms
2022.09.18 09:44:49 INFO  ce[AYNQ11k-b0AlKJMBMeuy][o.s.c.t.s.ComputationStepExecutor] Compute Quality profile measures | status=SUCCESS | time=194ms
2022.09.18 09:44:50 INFO  ce[AYNQ11k-b0AlKJMBMeuy][o.s.c.t.s.ComputationStepExecutor] Generate Quality profile events | status=SUCCESS | time=29ms
2022.09.18 09:44:50 INFO  ce[AYNQ11k-b0AlKJMBMeuy][o.s.c.t.s.ComputationStepExecutor] Generate Quality gate events | status=SUCCESS | time=7ms
2022.09.18 09:44:50 INFO  ce[AYNQ11k-b0AlKJMBMeuy][o.s.c.t.s.ComputationStepExecutor] Check upgrade possibility for not analyzed code files. | status=SUCCESS | time=3ms
2022.09.18 09:44:50 INFO  ce[AYNQ11k-b0AlKJMBMeuy][o.s.c.t.s.ComputationStepExecutor] Persist scanner analysis cache | status=SUCCESS | time=3ms
2022.09.18 09:44:51 INFO  ce[AYNQ11k-b0AlKJMBMeuy][o.s.c.t.s.ComputationStepExecutor] Persist components | status=SUCCESS | time=1652ms
2022.09.18 09:44:51 INFO  ce[AYNQ11k-b0AlKJMBMeuy][o.s.c.t.s.ComputationStepExecutor] Persist analysis | status=SUCCESS | time=3ms
2022.09.18 09:44:51 INFO  ce[AYNQ11k-b0AlKJMBMeuy][o.s.c.t.s.ComputationStepExecutor] Persist analysis properties | status=SUCCESS | time=4ms
2022.09.18 09:44:51 INFO  ce[AYNQ11k-b0AlKJMBMeuy][o.s.c.t.s.ComputationStepExecutor] Persist measures | inserts=51 | status=SUCCESS | time=165ms
2022.09.18 09:45:12 INFO  ce[AYNQ11k-b0AlKJMBMeuy][o.s.c.t.s.ComputationStepExecutor] Persist live measures | insertsOrUpdates=33289 | status=SUCCESS | time=20649ms
2022.09.18 09:45:12 INFO  ce[AYNQ11k-b0AlKJMBMeuy][o.s.c.t.s.ComputationStepExecutor] Persist duplication data | insertsOrUpdates=0 | status=SUCCESS | time=337ms
2022.09.18 09:45:12 INFO  ce[AYNQ11k-b0AlKJMBMeuy][o.s.c.t.s.ComputationStepExecutor] Persist new ad hoc Rules | status=SUCCESS | time=0ms
2022.09.18 09:45:14 INFO  ce[AYNQ11k-b0AlKJMBMeuy][o.s.c.t.s.ComputationStepExecutor] Persist issues | cacheSize=526.5 kB | inserts=1054 | updates=0 | merged=0 | status=SUCCESS | time=1406ms
2022.09.18 09:45:14 INFO  ce[AYNQ11k-b0AlKJMBMeuy][o.s.c.t.s.ComputationStepExecutor] Persist project links | status=SUCCESS | time=158ms
2022.09.18 09:45:14 INFO  ce[AYNQ11k-b0AlKJMBMeuy][o.s.c.t.s.ComputationStepExecutor] Persist events | status=SUCCESS | time=10ms
2022.09.18 09:45:33 INFO  ce[AYNQ11k-b0AlKJMBMeuy][o.s.c.t.s.ComputationStepExecutor] Persist sources | status=SUCCESS | time=19206ms
2022.09.18 09:45:33 INFO  ce[AYNQ11k-b0AlKJMBMeuy][o.s.c.t.s.ComputationStepExecutor] Persist cross project duplications | status=SUCCESS | time=0ms
2022.09.18 09:45:33 INFO  ce[AYNQ11k-b0AlKJMBMeuy][o.s.c.t.s.ComputationStepExecutor] Enable analysis | status=SUCCESS | time=13ms
2022.09.18 09:45:33 INFO  ce[AYNQ11k-b0AlKJMBMeuy][o.s.c.t.s.ComputationStepExecutor] Update last usage date of quality profiles | status=SUCCESS | time=13ms
2022.09.18 09:45:34 INFO  ce[AYNQ11k-b0AlKJMBMeuy][o.s.c.t.s.ComputationStepExecutor] Purge db | status=SUCCESS | time=754ms
2022.09.18 09:45:39 INFO  ce[AYNQ11k-b0AlKJMBMeuy][o.s.c.t.s.ComputationStepExecutor] Index analysis | status=SUCCESS | time=4675ms
2022.09.18 09:45:39 INFO  ce[AYNQ11k-b0AlKJMBMeuy][o.s.c.t.s.ComputationStepExecutor] Update need issue sync for branch | status=SUCCESS | time=27ms
2022.09.18 09:45:39 INFO  ce[AYNQ11k-b0AlKJMBMeuy][o.s.c.t.s.ComputationStepExecutor] Send issue notifications | newIssuesNotifs=0 | newIssuesDeliveries=0 | myNewIssuesNotifs=0 | myNewIssuesDeliveries=0 | changesNotifs=0 | changesDeliveries=0 | status=SUCCESS | time=53ms
2022.09.18 09:45:39 INFO  ce[AYNQ11k-b0AlKJMBMeuy][o.s.c.t.s.ComputationStepExecutor] Publish task results | status=SUCCESS | time=1ms
2022.09.18 09:45:39 INFO  ce[AYNQ11k-b0AlKJMBMeuy][o.s.c.t.s.ComputationStepExecutor] Trigger refresh of Portfolios and Applications | status=SUCCESS | time=0ms
2022.09.18 09:45:39 INFO  ce[AYNQ11k-b0AlKJMBMeuy][o.s.c.t.p.a.p.PostProjectAnalysisTasksExecutor] Webhooks | globalWebhooks=0 | projectWebhooks=0 | status=SUCCESS | time=39ms
2022.09.18 09:45:40 INFO  ce[AYNQ11k-b0AlKJMBMeuy][o.s.c.t.CeWorkerImpl] Executed task | project=nasa-code | type=REPORT | id=AYNQ11k-b0AlKJMBMeuy | submitter=admin | status=SUCCESS | time=97074ms
